Initializing module-114 stranded...
Loading image 'world/spaceship_default.png'...
Successfully opened file 'world/spaceship_default.png"
Loading image 'world/spaceship_fly.png'...
Successfully opened file 'world/spaceship_fly.png"
Loading image 'world/spaceship_crash.png'...
Successfully opened file 'world/spaceship_crash.png"
Loading image 'world/star.png'...
Successfully opened file 'world/star.png"
Loading image 'screen/Dialog_Border.png'...
Successfully opened file 'screen/Dialog_Border.png"
Loading image 'screen/Dialog_Arrow.png'...
Successfully opened file 'screen/Dialog_Arrow.png"
Loading image 'screen/Captain_Shapton_Portrait.png'...
Successfully opened file 'screen/Captain_Shapton_Portrait.png"
Loading image 'screen/General_Gord_Portrait.png'...
Failed to open file 'screen/General_Gord_Portrait.png"
Error with file screen/General_Gord_Portrait.png
Loading image 'screen/Jacklyn_Foster_Portrait.png'...
Successfully opened file 'screen/Jacklyn_Foster_Portrait.png"
Loading image 'world/Base_Texture.png'...
Successfully opened file 'world/Base_Texture.png"
