<<<<<<< HEAD
(+0x36c30) [0x7f50f7b8dc30]
	(nanosleep+0x2d) [0x7f50f7c189bd]
		(usleep+0x34) [0x7f50f7c49fe4]
			(_ZN7SE_Time8Sleep_MSEf+0x3d) [0x470ccd]
				(_ZN7SE_Time7Sleep_SEf+0x23) [0x470cf2]
					(_ZN5Timer6UpdateEv+0x11c) [0x470f54]
						(_ZN8S_Engine18Module_Call_EngineEPv+0x93) [0x4570e5]
							(_ZN2SE4MainEjPPc+0x2a4) [0x4568bb]
								(main+0x20) [0x4565f0]
=======
(+0x36ff0) [0x7fc8217beff0]
	(_ZN11SE_Font_Lib11Render_CoreEPKc+0x58) [0x7fc8174b2106]
		(_ZN11SE_Font_Lib10Render_OldERKSsffhfffff+0xc8) [0x7fc8174b22d5]
			(_ZN10SE_GUI_Lib13Widget_Attach14CString_RenderEPNS_11Widget_DataE+0x100) [0x7fc8176e04a3]
				(_ZN10SE_GUI_Lib22Widget_Container_Funcs16Container_RenderEPNS_11Widget_DataE+0x103) [0x7fc8176df9e8]
					(_ZN10SE_GUI_Lib13Thread_RenderEv+0x53) [0x7fc8176ddb5e]
						(_ZN16SE_Scheduler_Lib6UpdateEPNS_8ScheduleE+0x74) [0x7fc81ff8120f]
							(_ZN8S_Engine18Module_Call_RenderEPv+0x5a) [0x461c3b]
								(_ZN9SE_Thread16Thread_Main_LoopEPv+0x171) [0x46fbd4]
>>>>>>> 3071c16e89baa5ddd386dd11b642f44815affce1
